timestamp: 2023-05-24T17:13:45.811871
CREATE TABLE "py4web_session"(
    "id" INTEGER PRIMARY KEY AUTOINCREMENT,
    "rkey" CHAR(512),
    "rvalue" TEXT,
    "expiration" INTEGER,
    "created_on" TIMESTAMP,
    "expires_on" TIMESTAMP
);
success!
timestamp: 2023-05-24T17:13:45.819299
CREATE TABLE "auth_user"(
    "id" INTEGER PRIMARY KEY AUTOINCREMENT,
    "email" CHAR(512) UNIQUE,
    "password" CHAR(512),
    "first_name" CHAR(512),
    "last_name" CHAR(512),
    "sso_id" CHAR(512),
    "action_token" CHAR(512),
    "last_password_change" TIMESTAMP,
    "past_passwords_hash" TEXT
);
success!
timestamp: 2023-05-24T17:13:45.823375
CREATE TABLE "auth_user_tag_groups"(
    "id" INTEGER PRIMARY KEY AUTOINCREMENT,
    "tagpath" CHAR(512),
    "record_id" INTEGER REFERENCES "auth_user" ("id") ON DELETE CASCADE ON UPDATE CASCADE  
);
success!
timestamp: 2023-05-24T17:13:45.831572
CREATE TABLE "bird"(
    "id" INTEGER PRIMARY KEY AUTOINCREMENT,
    "bird" CHAR(512),
    "weight" INTEGER,
    "diet" CHAR(512),
    "habitat" CHAR(512),
    "n_sighting" INTEGER,
    "user_email" CHAR(512)
);
success!
timestamp: 2023-05-24T20:08:00.672593
CREATE TABLE "listing"(
    "id" INTEGER PRIMARY KEY AUTOINCREMENT,
    "name" CHAR(512),
    "condition" CHAR(512),
    "category" CHAR(512),
    "price" INTEGER
);
success!
timestamp: 2023-05-29T22:55:58.978564
ALTER TABLE "listing" ADD "image" CHAR(512);
success!
timestamp: 2023-06-02T16:14:17.289034
ALTER TABLE "listing" ADD "description" TEXT;
success!
